c:\users\kimleehyun\programming\youtubeopengl\youtubeopengl\x64\debug\vc143.pdb
c:\users\kimleehyun\programming\youtubeopengl\youtubeopengl\x64\debug\vc143.idb
c:\users\kimleehyun\programming\youtubeopengl\youtubeopengl\x64\debug\vbo.obj
c:\users\kimleehyun\programming\youtubeopengl\youtubeopengl\x64\debug\vao.obj
c:\users\kimleehyun\programming\youtubeopengl\youtubeopengl\x64\debug\texture.obj
c:\users\kimleehyun\programming\youtubeopengl\youtubeopengl\x64\debug\stb.obj
c:\users\kimleehyun\programming\youtubeopengl\youtubeopengl\x64\debug\shaderclass.obj
c:\users\kimleehyun\programming\youtubeopengl\youtubeopengl\x64\debug\model.obj
c:\users\kimleehyun\programming\youtubeopengl\youtubeopengl\x64\debug\mesh.obj
c:\users\kimleehyun\programming\youtubeopengl\youtubeopengl\x64\debug\main.obj
c:\users\kimleehyun\programming\youtubeopengl\youtubeopengl\x64\debug\ebo.obj
c:\users\kimleehyun\programming\youtubeopengl\youtubeopengl\x64\debug\camera.obj
c:\users\kimleehyun\programming\youtubeopengl\youtubeopengl\x64\debug\glad.obj
c:\users\kimleehyun\programming\youtubeopengl\x64\debug\youtubeopengl.exe
c:\users\kimleehyun\programming\youtubeopengl\x64\debug\youtubeopengl.pdb
c:\users\kimleehyun\programming\youtubeopengl\youtubeopengl\x64\debug\youtubeopengl.ilk
c:\users\kimleehyun\programming\youtubeopengl\youtubeopengl\x64\debug\youtubeopengl.tlog\cl.command.1.tlog
c:\users\kimleehyun\programming\youtubeopengl\youtubeopengl\x64\debug\youtubeopengl.tlog\cl.items.tlog
c:\users\kimleehyun\programming\youtubeopengl\youtubeopengl\x64\debug\youtubeopengl.tlog\cl.read.1.tlog
c:\users\kimleehyun\programming\youtubeopengl\youtubeopengl\x64\debug\youtubeopengl.tlog\cl.write.1.tlog
c:\users\kimleehyun\programming\youtubeopengl\youtubeopengl\x64\debug\youtubeopengl.tlog\link.command.1.tlog
c:\users\kimleehyun\programming\youtubeopengl\youtubeopengl\x64\debug\youtubeopengl.tlog\link.read.1.tlog
c:\users\kimleehyun\programming\youtubeopengl\youtubeopengl\x64\debug\youtubeopengl.tlog\link.secondary.1.tlog
c:\users\kimleehyun\programming\youtubeopengl\youtubeopengl\x64\debug\youtubeopengl.tlog\link.write.1.tlog
