c:\users\kimleehyun\programming\youtubeopengl\youtubeopengl\debug\vc143.pdb
c:\users\kimleehyun\programming\youtubeopengl\youtubeopengl\debug\vc143.idb
c:\users\kimleehyun\programming\youtubeopengl\youtubeopengl\debug\vbo.obj
c:\users\kimleehyun\programming\youtubeopengl\youtubeopengl\debug\vao.obj
c:\users\kimleehyun\programming\youtubeopengl\youtubeopengl\debug\texture.obj
c:\users\kimleehyun\programming\youtubeopengl\youtubeopengl\debug\stb.obj
c:\users\kimleehyun\programming\youtubeopengl\youtubeopengl\debug\shaderclass.obj
c:\users\kimleehyun\programming\youtubeopengl\youtubeopengl\debug\model.obj
c:\users\kimleehyun\programming\youtubeopengl\youtubeopengl\debug\mesh.obj
c:\users\kimleehyun\programming\youtubeopengl\youtubeopengl\debug\main.obj
c:\users\kimleehyun\programming\youtubeopengl\youtubeopengl\debug\ebo.obj
c:\users\kimleehyun\programming\youtubeopengl\youtubeopengl\debug\camera.obj
c:\users\kimleehyun\programming\youtubeopengl\youtubeopengl\debug\glad.obj
c:\users\kimleehyun\programming\youtubeopengl\debug\youtubeopengl.pdb
c:\users\kimleehyun\programming\youtubeopengl\youtubeopengl\debug\youtubeopengl.tlog\cl.command.1.tlog
c:\users\kimleehyun\programming\youtubeopengl\youtubeopengl\debug\youtubeopengl.tlog\cl.read.1.tlog
c:\users\kimleehyun\programming\youtubeopengl\youtubeopengl\debug\youtubeopengl.tlog\cl.write.1.tlog
c:\users\kimleehyun\programming\youtubeopengl\youtubeopengl\debug\youtubeopengl.tlog\link-cvtres.read.1.tlog
c:\users\kimleehyun\programming\youtubeopengl\youtubeopengl\debug\youtubeopengl.tlog\link-cvtres.write.1.tlog
c:\users\kimleehyun\programming\youtubeopengl\youtubeopengl\debug\youtubeopengl.tlog\link-rc.read.1.tlog
c:\users\kimleehyun\programming\youtubeopengl\youtubeopengl\debug\youtubeopengl.tlog\link-rc.write.1.tlog
c:\users\kimleehyun\programming\youtubeopengl\youtubeopengl\debug\youtubeopengl.tlog\link.command.1.tlog
c:\users\kimleehyun\programming\youtubeopengl\youtubeopengl\debug\youtubeopengl.tlog\link.read.1.tlog
c:\users\kimleehyun\programming\youtubeopengl\youtubeopengl\debug\youtubeopengl.tlog\link.write.1.tlog
